Using pre-set license

 COMMAND LINE ARGUMENTS:
/Users/hatanakashigeru/Unity/2020.3.16f1/Unity.app/Contents/MacOS/Unity
-adb2
-batchMode
-noUpm
-name
AssetImportWorker0
-projectPath
/Users/hatanakashigeru/Unity/PinBall
-logFile
Logs/AssetImportWorker0.log
-srvPort
54126
Successfully changed project path to: /Users/hatanakashigeru/Unity/PinBall
/Users/hatanakashigeru/Unity/PinBall
Using Asset Import Pipeline V2.
Refreshing native plugins compatible for Editor in 47.69 ms, found 2 plugins.
Preloading 0 native plugins for Editor in 0.00 ms.
Initialize engine version: 2020.3.16f1 (049d6eca3c44)
[Subsystems] Discovering subsystems at path /Users/hatanakashigeru/Unity/2020.3.16f1/Unity.app/Contents/Resources/UnitySubsystems
[Subsystems] Discovering subsystems at path /Users/hatanakashigeru/Unity/PinBall/Assets
GfxDevice: creating device client; threaded=0
2021-08-23 21:21:05.356 Unity[26907:1817777] Color LCD preferred device: Intel(R) UHD Graphics 617 (low power)
2021-08-23 21:21:05.357 Unity[26907:1817777] Metal devices available: 1
2021-08-23 21:21:05.357 Unity[26907:1817777] 0: Intel(R) UHD Graphics 617 (low power)
2021-08-23 21:21:05.357 Unity[26907:1817777] Using device Intel(R) UHD Graphics 617 (low power)
Initializing Metal device caps: Intel(R) UHD Graphics 617
Initialize mono
Mono path[0] = '/Users/hatanakashigeru/Unity/2020.3.16f1/Unity.app/Contents/Managed'
Mono path[1] = '/Users/hatanakashigeru/Unity/2020.3.16f1/Unity.app/Contents/MonoBleedingEdge/lib/mono/unityjit'
Mono config path = '/Users/hatanakashigeru/Unity/2020.3.16f1/Unity.app/Contents/MonoBleedingEdge/etc'
Using monoOptions --debugger-agent=transport=dt_socket,embedding=1,server=y,suspend=n,address=127.0.0.1:56907
Begin MonoManager ReloadAssembly
Registering precompiled unity dll's ...
Register platform support module: /Users/hatanakashigeru/Unity/2020.3.16f1/PlaybackEngines/WebGLSupport/UnityEditor.WebGL.Extensions.dll
Register platform support module: /Users/hatanakashigeru/Unity/2020.3.16f1/Unity.app/Contents/PlaybackEngines/MacStandaloneSupport/UnityEditor.OSXStandalone.Extensions.dll
Registered in 0.000849 seconds.
Native extension for OSXStandalone target not found
Native extension for WebGL target not found
Refreshing native plugins compatible for Editor in 38.81 ms, found 2 plugins.
Preloading 0 native plugins for Editor in 0.00 ms.
Mono: successfully reloaded assembly
- Completed reload, in  4.442 seconds
Domain Reload Profiling:
	ReloadAssembly (4442ms)
		BeginReloadAssembly (73ms)
			ExecutionOrderSort (0ms)
			DisableScriptedObjects (0ms)
			BackupInstance (0ms)
			ReleaseScriptingObjects (0ms)
			CreateAndSetChildDomain (2ms)
		EndReloadAssembly (691ms)
			LoadAssemblies (71ms)
			RebuildTransferFunctionScriptingTraits (0ms)
			SetupTypeCache (307ms)
			ReleaseScriptCaches (0ms)
			RebuildScriptCaches (57ms)
			SetupLoadedEditorAssemblies (243ms)
				LogAssemblyErrors (0ms)
				InitializePlatformSupportModulesInManaged (6ms)
				SetLoadedEditorAssemblies (0ms)
				RefreshPlugins (39ms)
				BeforeProcessingInitializeOnLoad (34ms)
				ProcessInitializeOnLoadAttributes (124ms)
				ProcessInitializeOnLoadMethodAttributes (39ms)
				AfterProcessingInitializeOnLoad (0ms)
				EditorAssembliesLoaded (0ms)
			ExecutionOrderSort2 (0ms)
			AwakeInstancesAfterBackupRestoration (0ms)
Platform modules already initialized, skipping
Registering precompiled user dll's ...
Registered in 0.002248 seconds.
Begin MonoManager ReloadAssembly
Native extension for OSXStandalone target not found
Native extension for WebGL target not found
Refreshing native plugins compatible for Editor in 0.41 ms, found 2 plugins.
Preloading 0 native plugins for Editor in 0.00 ms.
Mono: successfully reloaded assembly
- Completed reload, in  1.462 seconds
Domain Reload Profiling:
	ReloadAssembly (1463ms)
		BeginReloadAssembly (202ms)
			ExecutionOrderSort (0ms)
			DisableScriptedObjects (7ms)
			BackupInstance (0ms)
			ReleaseScriptingObjects (0ms)
			CreateAndSetChildDomain (45ms)
		EndReloadAssembly (1182ms)
			LoadAssemblies (95ms)
			RebuildTransferFunctionScriptingTraits (0ms)
			SetupTypeCache (405ms)
			ReleaseScriptCaches (0ms)
			RebuildScriptCaches (71ms)
			SetupLoadedEditorAssemblies (477ms)
				LogAssemblyErrors (0ms)
				InitializePlatformSupportModulesInManaged (7ms)
				SetLoadedEditorAssemblies (1ms)
				RefreshPlugins (0ms)
				BeforeProcessingInitializeOnLoad (92ms)
				ProcessInitializeOnLoadAttributes (370ms)
				ProcessInitializeOnLoadMethodAttributes (6ms)
				AfterProcessingInitializeOnLoad (2ms)
				EditorAssembliesLoaded (0ms)
			ExecutionOrderSort2 (0ms)
			AwakeInstancesAfterBackupRestoration (10ms)
Platform modules already initialized, skipping
========================================================================
Worker process is ready to serve import requests
Launching external process: /Users/hatanakashigeru/Unity/2020.3.16f1/Unity.app/Contents/Tools/UnityShaderCompiler
Launched and connected shader compiler UnityShaderCompiler after 0.02 seconds
Refreshing native plugins compatible for Editor in 0.48 ms, found 2 plugins.
Preloading 0 native plugins for Editor in 0.00 ms.
Unloading 1525 Unused Serialized files (Serialized files now loaded: 0)
System memory in use before: 156.1 MB.
System memory in use after: 156.2 MB.

Unloading 18 unused Assets to reduce memory usage. Loaded Objects now: 1958.
Total: 3.962830 ms (FindLiveObjects: 0.215276 ms CreateObjectMapping: 0.061387 ms MarkObjects: 3.610176 ms  DeleteObjects: 0.074868 ms)

AssetImportParameters requested are different than current active one (requested -> active):
  custom:video-decoder-ogg-theora: a1e56fd34408186e4bbccfd4996cb3dc -> 
  custom:container-muxer-webm: aa71ff27fc2769a1b78a27578f13a17b -> 
  custom:container-demuxer-webm: 4f35f7cbe854078d1ac9338744f61a02 -> 
  custom:container-demuxer-ogg: 62fdf1f143b41e24485cea50d1cbac27 -> 
  custom:video-encoder-webm-vp8: eb34c28f22e8b96e1ab97ce403110664 -> 
  custom:framework-osx-AVFoundation: e770b220cccbd017edd2c1fefb359320 -> 
  custom:video-decoder-webm-vp8: 9c59270c3fd7afecdb556c50c9e8de78 -> 
  custom:audio-decoder-ogg-vorbis: bf7c407c2cedff20999df2af8eb42d56 -> 
  custom:audio-encoder-webm-vorbis: bf7c407c2cedff20999df2af8eb42d56 -> 
========================================================================
Received Import Request.
  path: Assets/SmallCloud.fbx
  artifactKey: Guid(4122e2c0be2ae457a94fdb346f572860) Importer(815301076,1909f56bfc062723c751e8b465ee728b)
Start importing Assets/SmallCloud.fbx using Guid(4122e2c0be2ae457a94fdb346f572860) Importer(815301076,1909f56bfc062723c751e8b465ee728b)  -> (artifact id: '49a94717330c1bdc4b20cdb0bf648da0') in 1.962401 seconds 
  Import took 1.965917 seconds .

========================================================================
Received Import Request.
  Time since last request: 0.000258 seconds.
  path: Assets/SmallCloud.fbx
  artifactKey: Guid(4122e2c0be2ae457a94fdb346f572860) Importer(815301076,1909f56bfc062723c751e8b465ee728b)
Start importing Assets/SmallCloud.fbx using Guid(4122e2c0be2ae457a94fdb346f572860) Importer(815301076,1909f56bfc062723c751e8b465ee728b)  -> (artifact id: '49a94717330c1bdc4b20cdb0bf648da0') in 0.018914 seconds 
  Import took 0.022945 seconds .

========================================================================
Received Import Request.
  Time since last request: 0.000339 seconds.
  path: Assets/LargeStar.fbx
  artifactKey: Guid(c980cf7f825914333936fb0aef0010c4) Importer(815301076,1909f56bfc062723c751e8b465ee728b)
Start importing Assets/LargeStar.fbx using Guid(c980cf7f825914333936fb0aef0010c4) Importer(815301076,1909f56bfc062723c751e8b465ee728b)  -> (artifact id: '8ac7e2d614b0d08210c41448c31f1c98') in 0.020423 seconds 
  Import took 0.025322 seconds .

========================================================================
Received Import Request.
  Time since last request: 0.000417 seconds.
  path: Assets/RightFripper.fbx
  artifactKey: Guid(a530c32008f914a489afcbddd7f4e10b) Importer(815301076,1909f56bfc062723c751e8b465ee728b)
Start importing Assets/RightFripper.fbx using Guid(a530c32008f914a489afcbddd7f4e10b) Importer(815301076,1909f56bfc062723c751e8b465ee728b)  -> (artifact id: 'c6b683b2844c3fc8bdc28266dc6b992d') in 0.055121 seconds 
  Import took 0.065904 seconds .

========================================================================
Received Import Request.
  Time since last request: 0.000895 seconds.
  path: Assets/Materials/Mask.png
  artifactKey: Guid(71bbe5eee39744f3388c811bc118931c) Importer(815301076,1909f56bfc062723c751e8b465ee728b)
Start importing Assets/Materials/Mask.png using Guid(71bbe5eee39744f3388c811bc118931c) Importer(815301076,1909f56bfc062723c751e8b465ee728b)  -> (artifact id: 'dcf323e7d0f86f994a248257dbaa1e51') in 1.255111 seconds 
  Import took 1.262046 seconds .

========================================================================
Received Import Request.
  Time since last request: 0.000316 seconds.
  path: Assets/Materials
  artifactKey: Guid(c04384481fabe4f65a0972d97b1fba72) Importer(815301076,1909f56bfc062723c751e8b465ee728b)
Start importing Assets/Materials using Guid(c04384481fabe4f65a0972d97b1fba72) Importer(815301076,1909f56bfc062723c751e8b465ee728b)  -> (artifact id: '3a65a21c0fdfe6cd23dd34ecf4607696') in 0.001275 seconds 
  Import took 0.004256 seconds .

========================================================================
Received Import Request.
  Time since last request: 0.000269 seconds.
  path: Assets/Materials/FripperColor.mat
  artifactKey: Guid(d6625fb98877d423ebc2a28c0a573df5) Importer(815301076,1909f56bfc062723c751e8b465ee728b)
Start importing Assets/Materials/FripperColor.mat using Guid(d6625fb98877d423ebc2a28c0a573df5) Importer(815301076,1909f56bfc062723c751e8b465ee728b)  -> (artifact id: '4f6a93eb8b66c32273bfe328fbcfe740') in 0.600774 seconds 
  Import took 0.604407 seconds .

========================================================================
Received Import Request.
  Time since last request: 0.000294 seconds.
  path: Assets/Materials/LargeCloudColor.mat
  artifactKey: Guid(1675188e15dcb4e6aa2323e06965fbf1) Importer(815301076,1909f56bfc062723c751e8b465ee728b)
Start importing Assets/Materials/LargeCloudColor.mat using Guid(1675188e15dcb4e6aa2323e06965fbf1) Importer(815301076,1909f56bfc062723c751e8b465ee728b)  -> (artifact id: 'be4c8bffa81a76cfa4bdd44e6edfdc3b') in 0.012982 seconds 
  Import took 0.017795 seconds .

========================================================================
Received Import Request.
  Time since last request: 0.000359 seconds.
  path: Assets/Materials/LargeStarColor.mat
  artifactKey: Guid(44f6fb8ca41b04d3c99f5d414ff2bb66) Importer(815301076,1909f56bfc062723c751e8b465ee728b)
Start importing Assets/Materials/LargeStarColor.mat using Guid(44f6fb8ca41b04d3c99f5d414ff2bb66) Importer(815301076,1909f56bfc062723c751e8b465ee728b)  -> (artifact id: '996cbbb8097b21f321e964c15f584955') in 0.019949 seconds 
  Import took 0.026117 seconds .

========================================================================
Received Import Request.
  Time since last request: 0.000293 seconds.
  path: Assets/Materials/WallColor.mat
  artifactKey: Guid(97bede83164424aff88c28f7170777f3) Importer(815301076,1909f56bfc062723c751e8b465ee728b)
Start importing Assets/Materials/WallColor.mat using Guid(97bede83164424aff88c28f7170777f3) Importer(815301076,1909f56bfc062723c751e8b465ee728b)  -> (artifact id: '6b068eb46f92739bcf732302c696bb20') in 0.036260 seconds 
  Import took 0.040839 seconds .

========================================================================
Received Import Request.
  Time since last request: 0.000359 seconds.
  path: Assets/Materials/Ball.mat
  artifactKey: Guid(9fe7065767d6d4a659dac0814ce9eca2) Importer(815301076,1909f56bfc062723c751e8b465ee728b)
Start importing Assets/Materials/Ball.mat using Guid(9fe7065767d6d4a659dac0814ce9eca2) Importer(815301076,1909f56bfc062723c751e8b465ee728b)  -> (artifact id: '16f77016aff43aee375a198686dc060f') in 0.030018 seconds 
  Import took 0.034305 seconds .

========================================================================
Received Import Request.
  Time since last request: 0.000370 seconds.
  path: Assets/LargeCloud.fbx
  artifactKey: Guid(75aaae1e843de44c587518ea26d0fb10) Importer(815301076,1909f56bfc062723c751e8b465ee728b)
Start importing Assets/LargeCloud.fbx using Guid(75aaae1e843de44c587518ea26d0fb10) Importer(815301076,1909f56bfc062723c751e8b465ee728b)  -> (artifact id: 'd378157ae01bc8a0a2753f49ce23ed68') in 0.069386 seconds 
  Import took 0.078359 seconds .

========================================================================
Received Import Request.
  Time since last request: 0.002165 seconds.
  path: Assets/LeftFripper.fbx
  artifactKey: Guid(e74bac056411d4c189ab854996381adb) Importer(815301076,1909f56bfc062723c751e8b465ee728b)
Start importing Assets/LeftFripper.fbx using Guid(e74bac056411d4c189ab854996381adb) Importer(815301076,1909f56bfc062723c751e8b465ee728b)  -> (artifact id: '991ad4277a46926a4a7875c9fe862e38') in 0.061388 seconds 
  Import took 0.073989 seconds .

========================================================================
Received Import Request.
  Time since last request: 0.000924 seconds.
  path: Assets/Materials/SmallStarColor.mat
  artifactKey: Guid(643a6e6805470419da6b4763123134c9) Importer(815301076,1909f56bfc062723c751e8b465ee728b)
Start importing Assets/Materials/SmallStarColor.mat using Guid(643a6e6805470419da6b4763123134c9) Importer(815301076,1909f56bfc062723c751e8b465ee728b)  -> (artifact id: '236467a073c9b7de6d73f7de447783dc') in 0.043071 seconds 
  Import took 0.058907 seconds .

========================================================================
Received Import Request.
  Time since last request: 0.000728 seconds.
  path: Assets/Materials/Moon.mat
  artifactKey: Guid(15e7a3e29a10f4a06918ce77602600af) Importer(815301076,1909f56bfc062723c751e8b465ee728b)
Start importing Assets/Materials/Moon.mat using Guid(15e7a3e29a10f4a06918ce77602600af) Importer(815301076,1909f56bfc062723c751e8b465ee728b)  -> (artifact id: 'e8a4403c02230fe639a73d0763c5acd6') in 0.147559 seconds 
  Import took 0.155326 seconds .

========================================================================
Received Import Request.
  Time since last request: 0.000280 seconds.
  path: Assets/Materials/BallPhysic.physicMaterial
  artifactKey: Guid(d8d4abcafe774422f986ce2e0e11e74d) Importer(815301076,1909f56bfc062723c751e8b465ee728b)
Start importing Assets/Materials/BallPhysic.physicMaterial using Guid(d8d4abcafe774422f986ce2e0e11e74d) Importer(815301076,1909f56bfc062723c751e8b465ee728b)  -> (artifact id: 'ce4e0de990d236ab231d3eaa0c59fe6b') in 0.292308 seconds 
  Import took 0.303669 seconds .

========================================================================
Received Import Request.
  Time since last request: 0.031803 seconds.
  path: Assets/Moon.png
  artifactKey: Guid(3c824c53108a54de39e3cd9814117a9a) Importer(815301076,1909f56bfc062723c751e8b465ee728b)
Start importing Assets/Moon.png using Guid(3c824c53108a54de39e3cd9814117a9a) Importer(815301076,1909f56bfc062723c751e8b465ee728b)  -> (artifact id: '17660ba35e2e73bab34130b930d8f4f3') in 0.209690 seconds 
  Import took 0.214031 seconds .

